<?xml version="1.0" encoding="UTF-8"?>
<testsuite xmlns:xsi="http://www.w3.org/2001/XMLSchema-instance" xsi:noNamespaceSchemaLocation="https://maven.apache.org/surefire/maven-surefire-plugin/xsd/surefire-test-report-3.0.xsd" version="3.0" name="org.client.ApplicationTest" time="2.354" tests="1" errors="0" skipped="0" failures="0">
  <properties>
[...]
</properties>
  <testcase name="main" classname="org.client.ApplicationTest" time="0.871">
    <system-out><![CDATA[10:45:07.588 [main] INFO org.springframework.test.context.support.AnnotationConfigContextLoaderUtils -- Could not detect default configuration classes for test class [org.client.ApplicationTest]: ApplicationTest does not declare any static, non-private, non-final, nested classes annotated with @Configuration.
10:45:07.683 [main] INFO org.springframework.boot.test.context.SpringBootTestContextBootstrapper -- Found @SpringBootConfiguration org.client.ClientApplication for test class org.client.ApplicationTest

  .   ____          _            __ _ _
 /\\ / ___'_ __ _ _(_)_ __  __ _ \ \ \ \
( ( )\___ | '_ | '_| | '_ \/ _` | \ \ \ \
 \\/  ___)| |_)| | | | | || (_| |  ) ) ) )
  '  |____| .__|_| |_|_| |_\__, | / / / /
 =========|_|==============|___/=/_/_/_/
 :: Spring Boot ::                (v3.1.5)

2025-09-24T10:45:08.056+08:00  INFO 542180 --- [           main] org.client.ApplicationTest               : Starting ApplicationTest using Java 21.0.7 with PID 542180 (started by hp in D:\workSpaceIdea\days)
2025-09-24T10:45:08.057+08:00  INFO 542180 --- [           main] org.client.ApplicationTest               : The following 1 profile is active: "dev"
2025-09-24T10:45:08.893+08:00  INFO 542180 --- [           main] org.client.ApplicationTest               : Started ApplicationTest in 1.092 seconds (process running for 1.915)
1012312321123-test
]]></system-out>
    <system-err><![CDATA[WARNING: A Java agent has been loaded dynamically (D:\tools\resp\net\bytebuddy\byte-buddy-agent\1.14.9\byte-buddy-agent-1.14.9.jar)
WARNING: If a serviceability tool is in use, please run with -XX:+EnableDynamicAgentLoading to hide this warning
WARNING: If a serviceability tool is not in use, please run with -Djdk.instrument.traceUsage for more information
WARNING: Dynamic loading of agents will be disallowed by default in a future release
]]></system-err>
  </testcase>
</testsuite>